<?xml version="1.0" encoding="UTF-8"?>
<testsuite name="simulation.traffic.elements.LaneTest" tests="7" skipped="0" failures="0" errors="0" timestamp="2025-02-03T15:26:48" hostname="LAPTOPMM" time="0.027">
  <properties/>
  <testcase name="changeLightStateTest()" classname="simulation.traffic.elements.LaneTest" time="0.017"/>
  <testcase name="getLongestAwaitingTimeAmountToPush()" classname="simulation.traffic.elements.LaneTest" time="0.002"/>
  <testcase name="incrementCarsWaitingTimeTest()" classname="simulation.traffic.elements.LaneTest" time="0.001"/>
  <testcase name="laneQueueTest()" classname="simulation.traffic.elements.LaneTest" time="0.002"/>
  <testcase name="getBeginningTest()" classname="simulation.traffic.elements.LaneTest" time="0.001"/>
  <testcase name="getDesitnationsTest()" classname="simulation.traffic.elements.LaneTest" time="0.0"/>
  <testcase name="getLightStateTest()" classname="simulation.traffic.elements.LaneTest" time="0.0"/>
  <system-out><![CDATA[]]></system-out>
  <system-err><![CDATA[]]></system-err>
</testsuite>
