<?xml version="1.0" encoding="UTF-8"?>
<testsuite name="simulation.traffic.utils.JsonVerifierTest" tests="5" skipped="0" failures="0" errors="0" timestamp="2025-02-03T15:26:48" hostname="LAPTOPMM" time="0.017">
  <properties/>
  <testcase name="incorrectRoadDirectionTest()" classname="simulation.traffic.utils.JsonVerifierTest" time="0.002"/>
  <testcase name="incorrectCommandTypeTest()" classname="simulation.traffic.utils.JsonVerifierTest" time="0.001"/>
  <testcase name="correctInputTest1()" classname="simulation.traffic.utils.JsonVerifierTest" time="0.012"/>
  <testcase name="correctInputTest2()" classname="simulation.traffic.utils.JsonVerifierTest" time="0.0"/>
  <testcase name="correctInputTest3()" classname="simulation.traffic.utils.JsonVerifierTest" time="0.0"/>
  <system-out><![CDATA[]]></system-out>
  <system-err><![CDATA[]]></system-err>
</testsuite>
